0 info it worked if it ends with ok
1 verbose cli [ 'node', '/usr/local/bin/npm', 'publish' ]
2 info using npm@1.4.28
3 info using node@v0.10.33
4 verbose publish [ '.' ]
5 verbose cache add [ '.', null ]
6 verbose cache add name=undefined spec="." args=[".",null]
7 verbose parsed url { protocol: null,
7 verbose parsed url   slashes: null,
7 verbose parsed url   auth: null,
7 verbose parsed url   host: null,
7 verbose parsed url   port: null,
7 verbose parsed url   hostname: null,
7 verbose parsed url   hash: null,
7 verbose parsed url   search: null,
7 verbose parsed url   query: null,
7 verbose parsed url   pathname: '.',
7 verbose parsed url   path: '.',
7 verbose parsed url   href: '.' }
8 silly lockFile 3a52ce78- .
9 verbose lock . /Users/jakobhartman/.npm/3a52ce78-.lock
10 verbose tar pack [ '/Users/jakobhartman/.npm/firerelations/1.0.0/package.tgz',
10 verbose tar pack   '.' ]
11 verbose tarball /Users/jakobhartman/.npm/firerelations/1.0.0/package.tgz
12 verbose folder .
13 info prepublish firerelations@1.0.0
14 silly lockFile 1f1177db-tar tar://.
15 verbose lock tar://. /Users/jakobhartman/.npm/1f1177db-tar.lock
16 silly lockFile abb7a641--firerelations-1-0-0-package-tgz tar:///Users/jakobhartman/.npm/firerelations/1.0.0/package.tgz
17 verbose lock tar:///Users/jakobhartman/.npm/firerelations/1.0.0/package.tgz /Users/jakobhartman/.npm/abb7a641--firerelations-1-0-0-package-tgz.lock
18 silly lockFile 1f1177db-tar tar://.
19 silly lockFile 1f1177db-tar tar://.
20 silly lockFile abb7a641--firerelations-1-0-0-package-tgz tar:///Users/jakobhartman/.npm/firerelations/1.0.0/package.tgz
21 silly lockFile abb7a641--firerelations-1-0-0-package-tgz tar:///Users/jakobhartman/.npm/firerelations/1.0.0/package.tgz
22 silly lockFile 5f1ac808--npm-firerelations-1-0-0-package /Users/jakobhartman/.npm/firerelations/1.0.0/package
23 verbose lock /Users/jakobhartman/.npm/firerelations/1.0.0/package /Users/jakobhartman/.npm/5f1ac808--npm-firerelations-1-0-0-package.lock
24 silly lockFile 5f1ac808--npm-firerelations-1-0-0-package /Users/jakobhartman/.npm/firerelations/1.0.0/package
25 silly lockFile 5f1ac808--npm-firerelations-1-0-0-package /Users/jakobhartman/.npm/firerelations/1.0.0/package
26 silly lockFile 3a52ce78- .
27 silly lockFile 3a52ce78- .
28 silly publish { name: 'firerelations',
28 silly publish   version: '1.0.0',
28 silly publish   description: 'sql like library for interacting with firebase',
28 silly publish   main: 'fireRelations.js',
28 silly publish   scripts: { test: 'echo "Error: no test specified" && exit 1' },
28 silly publish   repository:
28 silly publish    { type: 'git',
28 silly publish      url: 'git+https://github.com/JakobHartman/fireRelations.git' },
28 silly publish   keywords: [ 'Firebase', 'sql' ],
28 silly publish   author: { name: 'Jakob Hartman' },
28 silly publish   license: 'ISC',
28 silly publish   bugs: { url: 'https://github.com/JakobHartman/fireRelations/issues' },
28 silly publish   homepage: 'https://github.com/JakobHartman/fireRelations#readme',
28 silly publish   dependencies: { firebase: '^2.4.1' },
28 silly publish   engines: { npm: '~1.4.28', node: '>=0.10.33' },
28 silly publish   readme: 'FireRelations\n=========\n\nA small library providing a utility to interact with firebase like a sql database, with basic statements. Soon to have more complex.\n\n## Installation\n\n  npm install firerelations --save\n\n## Usage\n\n  var fireRelation = require(\'fireRelations\');\n  <br>\n  fireRelation.init("Firebase URL");\n\n  //insert\n  <br>\n  fireRelation.insert().into("Table").values("Data1,Data2");\n  <br>\n  //Select, will return a promise with data \n  <br>\n  var data = fireRelation.select().from("Table").where("Column").equals("Value");\n  <br>\n  data.then(function(callback){\n  <br>\n  \tconsole.log(callback);\n  <br>\n  })\n  <br>\n  //Delete\n  <br>\n  fireRelation.delete().from("Table").where("Column").equals("Value");\n\n## Contributing\n\nIn lieu of a formal styleguide, take care to maintain the existing coding style.\nAdd unit tests for any new or changed functionality. Lint and test your code.\n\n## Release History\n\n* 1.0.0 Initial release',
28 silly publish   readmeFilename: 'README.md',
28 silly publish   gitHead: '6bfe514867eea3ef298f5133d33e9058c5b63db8',
28 silly publish   _id: 'firerelations@1.0.0',
28 silly publish   _shasum: 'ff2dd9f9f3db5795d6d0f1a37d937fa6280d35e5',
28 silly publish   _from: '.' }
29 error need auth auth and email required for publishing
29 error need auth You need to authorize this machine using `npm adduser`
30 error System Darwin 15.3.0
31 error command "node" "/usr/local/bin/npm" "publish"
32 error cwd /Users/jakobhartman/Desktop/FireRelations
33 error node -v v0.10.33
34 error npm -v 1.4.28
35 error code ENEEDAUTH
36 verbose exit [ 1, true ]
